<?xml version="1.0" encoding="UTF-8"?>
<!-- Generated by org.testng.reporters.JUnitReportReporter -->
<testsuite hostname="Skynet" failures="0" tests="2" name="test.IndexTest" time="2.842" errors="0" timestamp="2022-12-04T13:30:27 GMT" skipped="0">
  <testcase classname="test.IndexTest" name="logoTest" time="1.166"/>
  <system-out/>
  <testcase classname="test.IndexTest" name="titleTest" time="1.676"/>
  <system-out/>
</testsuite> <!-- test.IndexTest -->
