<?xml version="1.0" encoding="UTF-8"?>
<!-- Generated by org.testng.reporters.JUnitReportReporter -->
<testsuite hostname="Skynet" failures="0" tests="1" name="test.LoginTest" time="6.929" errors="0" timestamp="2022-12-04T13:30:27 GMT" skipped="0">
  <testcase classname="test.LoginTest" name="loginTest" time="6.929"/>
  <system-out/>
</testsuite> <!-- test.LoginTest -->
